<?xml version="1.0" encoding="UTF-8"?>
<!-- Generated by org.testng.reporters.JUnitReportReporter -->
<<<<<<< HEAD
<testsuite hostname="HP-laptop" failures="0" tests="1" name="framework.Hardcore.test.GoogleCloudPlatformPricingCalculateTest" time="85.921" errors="0" timestamp="2022-05-08T13:41:54 UZT" skipped="0">
  <testcase classname="framework.Hardcore.test.GoogleCloudPlatformPricingCalculateTest" name="pricingCalculate" time="85.921"/>
  <system-out/>
=======
<testsuite hostname="HP-laptop" failures="0" tests="1" name="framework.Hardcore.test.GoogleCloudPlatformPricingCalculateTest" time="124.168" errors="0" timestamp="2022-04-27T14:15:34 UZT" skipped="0">
  <testcase classname="framework.Hardcore.test.GoogleCloudPlatformPricingCalculateTest" name="GoogleCloudPlatformPricingCalculatorTest" time="124.168"/>
>>>>>>> 21cff8eec9bdfc1d66ce412c38faf70b7f8715b0
</testsuite> <!-- framework.Hardcore.test.GoogleCloudPlatformPricingCalculateTest -->
