<?xml version="1.0" encoding="UTF-8"?>
<!-- Generated by org.testng.reporters.JUnitReportReporter -->
<testsuite hostname="HP-laptop" failures="0" tests="1" name="framework.Hardcore.test.GoogleCloudPlatformPricingCalculateTest" time="85.921" errors="0" timestamp="2022-05-08T13:41:54 UZT" skipped="0">
  <testcase classname="framework.Hardcore.test.GoogleCloudPlatformPricingCalculateTest" name="pricingCalculate" time="85.921"/>
  <system-out/>
</testsuite> <!-- framework.Hardcore.test.GoogleCloudPlatformPricingCalculateTest -->
