<?xml version="1.0" encoding="UTF-8"?>
<!-- Generated by org.testng.reporters.JUnitReportReporter -->
<testsuite hostname="HP-laptop" failures="0" tests="1" name="framework.Hardcore.test.GoogleCloudPlatformPricingCalculateTest" time="124.168" errors="0" timestamp="2022-04-27T14:15:34 UZT" skipped="0">
  <testcase classname="framework.Hardcore.test.GoogleCloudPlatformPricingCalculateTest" name="GoogleCloudPlatformPricingCalculatorTest" time="124.168"/>
</testsuite> <!-- framework.Hardcore.test.GoogleCloudPlatformPricingCalculateTest -->
