<?xml version="1.0" encoding="UTF-8"?>
<!-- Generated by org.testng.reporters.JUnitReportReporter -->
<testsuite hostname="My-HP" failures="0" tests="1" name="framework.Hardcore.test.GoogleCloudPlatformPricingCalculateTest" time="75.706" errors="0" timestamp="2022-05-09T10:16:52 UZT" skipped="0">
  <testcase classname="framework.Hardcore.test.GoogleCloudPlatformPricingCalculateTest" name="pricingCalculate" time="75.706"/>
  <system-out/>
</testsuite> <!-- framework.Hardcore.test.GoogleCloudPlatformPricingCalculateTest -->
